

Microchip Technology PIC LITE Macro Assembler V1.33 build 59893 
                                                                                               Thu Mar 19 17:31:53 2015

Microchip Technology Omniscient Code Generator (Lite mode) build 59893
     1                           	processor	12F683
     2                           	opt	pw 120
     3                           	opt	lm
     4                           	psect	text0,local,class=CODE,merge=1,delta=2
     5                           	psect	cinit,global,class=CODE,merge=1,delta=2
     6                           	psect	cstackCOMMON,global,class=COMMON,space=1,delta=1
     7                           	psect	maintext,global,class=CODE,split=1,delta=2
     8                           	psect	text1,local,class=CODE,merge=1,delta=2
     9                           	psect	text2,local,class=CODE,merge=1,delta=2
    10                           	psect	text3,local,class=CODE,merge=1,delta=2
    11                           	dabs	1,0x7E,2
    12  0000                     	;# 
    13  0001                     	;# 
    14  0002                     	;# 
    15  0003                     	;# 
    16  0004                     	;# 
    17  0005                     	;# 
    18  000A                     	;# 
    19  000B                     	;# 
    20  000C                     	;# 
    21  000E                     	;# 
    22  000E                     	;# 
    23  000F                     	;# 
    24  0010                     	;# 
    25  0011                     	;# 
    26  0012                     	;# 
    27  0013                     	;# 
    28  0013                     	;# 
    29  0014                     	;# 
    30  0015                     	;# 
    31  0018                     	;# 
    32  0019                     	;# 
    33  001A                     	;# 
    34  001E                     	;# 
    35  001F                     	;# 
    36  0081                     	;# 
    37  0085                     	;# 
    38  008C                     	;# 
    39  008E                     	;# 
    40  008F                     	;# 
    41  0090                     	;# 
    42  0092                     	;# 
    43  0095                     	;# 
    44  0095                     	;# 
    45  0096                     	;# 
    46  0096                     	;# 
    47  0099                     	;# 
    48  009A                     	;# 
    49  009A                     	;# 
    50  009B                     	;# 
    51  009C                     	;# 
    52  009D                     	;# 
    53  009E                     	;# 
    54  009F                     	;# 
    55  0015                     _CCP1CON	set	21
    56  0013                     _CCPR1L	set	19
    57  0012                     _T2CON	set	18
    58  005F                     _GIE	set	95
    59  002A                     _GP2	set	42
    60  005E                     _PEIE	set	94
    61  0061                     _TMR2IF	set	97
    62  008F                     _OSCCON	set	143
    63  0092                     _PR2	set	146
    64  0085                     _TRISIO	set	133
    65  042A                     _TRISIO2	set	1066
    66                           
    67                           	psect	text0
    68  0000                     __ptext0:	
    69                           ; #config settings
    70                           
    71                           
    72                           ;psect for function _ini_set
    73  0000                     
    74                           	psect	cinit
    75  07FE                     start_initialization:	
    76  07FE                     __initialization:	
    77  07FE                     end_of_initialization:	
    78                           ;End of C runtime variable initialization code
    79                           
    80  07FE                     __end_of__initialization:	
    81  07FE  0183               	clrf	3
    82  07FF  2FDE               	ljmp	_main	;jump to C main() function
    83                           
    84                           	psect	cstackCOMMON
    85  0070                     __pcstackCOMMON:	
    86  0070                     ?_ini_set:	
    87  0070                     ??_ini_set:	
    88                           ; 0 bytes @ 0x0
    89                           
    90  0070                     ?_set_duty:	
    91                           ; 0 bytes @ 0x0
    92                           
    93  0070                     ??_set_duty:	
    94                           ; 0 bytes @ 0x0
    95                           
    96  0070                     ?_pwm_start:	
    97                           ; 0 bytes @ 0x0
    98                           
    99  0070                     ??_pwm_start:	
   100                           ; 0 bytes @ 0x0
   101                           
   102                           
   103                           ; 0 bytes @ 0x0
   104  0070                     	ds	1
   105  0071                     ?_main:	
   106  0071                     main@argc:	
   107                           ; 2 bytes @ 0x1
   108                           
   109                           
   110                           ; 2 bytes @ 0x1
   111  0071                     	ds	2
   112  0073                     main@argv:	
   113                           
   114                           ; 2 bytes @ 0x3
   115  0073                     	ds	2
   116  0075                     ??_main:	
   117                           
   118                           ; 0 bytes @ 0x5
   119  0075                     	ds	2
   120                           
   121                           	psect	maintext
   122  07DE                     __pmaintext:	
   123 ;;
   124 ;;Main: autosize = 0, tempsize = 2, incstack = 0, save=0
   125 ;;
   126 ;; *************** function _main *****************
   127 ;; Defined at:
   128 ;;		line 62 in file "newmain.c"
   129 ;; Parameters:    Size  Location     Type
   130 ;;  argc            2    1[COMMON] int 
   131 ;;  argv            2    3[COMMON] PTR PTR unsigned char 
   132 ;; Auto vars:     Size  Location     Type
   133 ;;		None
   134 ;; Return value:  Size  Location     Type
   135 ;;                  2    1[COMMON] int 
   136 ;; Registers used:
   137 ;;		wreg, status,2, status,0, pclath, cstack
   138 ;; Tracked objects:
   139 ;;		On entry : 17F/0
   140 ;;		On exit  : 0/0
   141 ;;		Unchanged: 0/0
   142 ;; Data sizes:     COMMON   BANK0   BANK1
   143 ;;      Params:         4       0       0
   144 ;;      Locals:         0       0       0
   145 ;;      Temps:          2       0       0
   146 ;;      Totals:         6       0       0
   147 ;;Total ram usage:        6 bytes
   148 ;; Hardware stack levels required when called:    1
   149 ;; This function calls:
   150 ;;		_ini_set
   151 ;;		_pwm_start
   152 ;;		_set_duty
   153 ;; This function is called by:
   154 ;;		Startup code after reset
   155 ;; This function uses a non-reentrant model
   156 ;;
   157                           
   158                           
   159                           ;psect for function _main
   160  07DE                     _main:	
   161                           
   162                           ;newmain.c: 64: ini_set();
   163                           
   164                           ;incstack = 0
   165                           ; Regs used in _main: [wreg+status,2+status,0+pclath+cstack]
   166  07DE  27C6               	fcall	_ini_set
   167                           
   168                           ;newmain.c: 65: pwm_start();
   169  07DF  27CE               	fcall	_pwm_start
   170                           
   171                           ;newmain.c: 66: set_duty();
   172  07E0  27C1               	fcall	_set_duty
   173                           
   174                           ;newmain.c: 70: GP2 = 1;
   175  07E1  1283               	bcf	3,5	;RP0=0, select bank0
   176  07E2  1505               	bsf	5,2	;volatile
   177  07E3                     l515:	
   178                           ;newmain.c: 73: while(1){
   179                           
   180                           
   181                           ;newmain.c: 74: TRISIO2 = 0;
   182  07E3  1683               	bsf	3,5	;RP0=1, select bank1
   183  07E4  1105               	bcf	5,2	;volatile
   184                           
   185                           ;newmain.c: 75: GP2 = 1;
   186  07E5  1283               	bcf	3,5	;RP0=0, select bank0
   187  07E6  1505               	bsf	5,2	;volatile
   188                           
   189                           ;newmain.c: 77: _delay((unsigned long)((25)*(8000000/4000.0)));
   190  07E7  3041               	movlw	65
   191  07E8  00F6               	movwf	??_main+1
   192  07E9  30EE               	movlw	238
   193  07EA  00F5               	movwf	??_main
   194  07EB                     u27:	
   195  07EB  0BF5               	decfsz	??_main,f
   196  07EC  2FEB               	goto	u27
   197  07ED  0BF6               	decfsz	??_main+1,f
   198  07EE  2FEB               	goto	u27
   199  07EF  0000               	nop
   200                           
   201                           ;newmain.c: 79: TRISIO2 = 1;
   202  07F0  1683               	bsf	3,5	;RP0=1, select bank1
   203  07F1  1505               	bsf	5,2	;volatile
   204                           
   205                           ;newmain.c: 80: GP2 = 0;
   206  07F2  1283               	bcf	3,5	;RP0=0, select bank0
   207  07F3  1105               	bcf	5,2	;volatile
   208                           
   209                           ;newmain.c: 82: _delay((unsigned long)((25)*(8000000/4000.0)));
   210  07F4  3041               	movlw	65
   211  07F5  00F6               	movwf	??_main+1
   212  07F6  30EE               	movlw	238
   213  07F7  00F5               	movwf	??_main
   214  07F8                     u37:	
   215  07F8  0BF5               	decfsz	??_main,f
   216  07F9  2FF8               	goto	u37
   217  07FA  0BF6               	decfsz	??_main+1,f
   218  07FB  2FF8               	goto	u37
   219  07FC  0000               	nop
   220  07FD  2FE3               	goto	l515
   221  07FE                     __end_of_main:	
   222                           ;newmain.c: 84: }
   223                           ;newmain.c: 85: return (0);
   224                           ;	Return value of _main is never used
   225                           
   226                           
   227                           	psect	text1
   228  07C1                     __ptext1:	
   229 ;; *************** function _set_duty *****************
   230 ;; Defined at:
   231 ;;		line 41 in file "newmain.c"
   232 ;; Parameters:    Size  Location     Type
   233 ;;		None
   234 ;; Auto vars:     Size  Location     Type
   235 ;;		None
   236 ;; Return value:  Size  Location     Type
   237 ;;		None               void
   238 ;; Registers used:
   239 ;;		wreg
   240 ;; Tracked objects:
   241 ;;		On entry : 0/0
   242 ;;		On exit  : 0/0
   243 ;;		Unchanged: 0/0
   244 ;; Data sizes:     COMMON   BANK0   BANK1
   245 ;;      Params:         0       0       0
   246 ;;      Locals:         0       0       0
   247 ;;      Temps:          0       0       0
   248 ;;      Totals:         0       0       0
   249 ;;Total ram usage:        0 bytes
   250 ;; Hardware stack levels used:    1
   251 ;; This function calls:
   252 ;;		Nothing
   253 ;; This function is called by:
   254 ;;		_main
   255 ;; This function uses a non-reentrant model
   256 ;;
   257                           
   258                           
   259                           ;psect for function _set_duty
   260  07C1                     _set_duty:	
   261                           
   262                           ;newmain.c: 46: CCPR1L = 26;
   263                           
   264                           ;incstack = 0
   265                           ; Regs used in _set_duty: [wreg]
   266  07C1  301A               	movlw	26
   267  07C2  1283               	bcf	3,5	;RP0=0, select bank0
   268  07C3  0093               	movwf	19	;volatile
   269                           
   270                           ;newmain.c: 47: CCP1CON |= 0b00000000;
   271  07C4  0815               	movf	21,w	;volatile
   272  07C5  0008               	return
   273  07C6                     __end_of_set_duty:	
   274                           
   275                           	psect	text2
   276  07CE                     __ptext2:	
   277 ;; *************** function _pwm_start *****************
   278 ;; Defined at:
   279 ;;		line 52 in file "newmain.c"
   280 ;; Parameters:    Size  Location     Type
   281 ;;		None
   282 ;; Auto vars:     Size  Location     Type
   283 ;;		None
   284 ;; Return value:  Size  Location     Type
   285 ;;		None               void
   286 ;; Registers used:
   287 ;;		wreg, status,2, status,0
   288 ;; Tracked objects:
   289 ;;		On entry : 0/0
   290 ;;		On exit  : 0/0
   291 ;;		Unchanged: 0/0
   292 ;; Data sizes:     COMMON   BANK0   BANK1
   293 ;;      Params:         0       0       0
   294 ;;      Locals:         0       0       0
   295 ;;      Temps:          1       0       0
   296 ;;      Totals:         1       0       0
   297 ;;Total ram usage:        1 bytes
   298 ;; Hardware stack levels used:    1
   299 ;; This function calls:
   300 ;;		Nothing
   301 ;; This function is called by:
   302 ;;		_main
   303 ;; This function uses a non-reentrant model
   304 ;;
   305                           
   306                           
   307                           ;psect for function _pwm_start
   308  07CE                     _pwm_start:	
   309                           
   310                           ;newmain.c: 54: CCP1CON |= 0b00001100;
   311                           
   312                           ;incstack = 0
   313                           ; Regs used in _pwm_start: [wreg+status,2+status,0]
   314  07CE  300C               	movlw	12
   315  07CF  00F0               	movwf	??_pwm_start
   316  07D0  0870               	movf	??_pwm_start,w
   317  07D1  1283               	bcf	3,5	;RP0=0, select bank0
   318  07D2  0495               	iorwf	21,f	;volatile
   319                           
   320                           ;newmain.c: 55: PR2 = 51 ;
   321  07D3  3033               	movlw	51
   322  07D4  1683               	bsf	3,5	;RP0=1, select bank1
   323  07D5  0092               	movwf	18	;volatile
   324                           
   325                           ;newmain.c: 56: T2CON =0b00000100;
   326  07D6  3004               	movlw	4
   327  07D7  1283               	bcf	3,5	;RP0=0, select bank0
   328  07D8  0092               	movwf	18	;volatile
   329  07D9                     l33:	
   330                           ;newmain.c: 58: while(!TMR2IF);
   331                           
   332  07D9  1C8C               	btfss	12,1	;volatile
   333  07DA  2FD9               	goto	l33
   334                           
   335                           ;newmain.c: 59: TRISIO2 = 0;
   336  07DB  1683               	bsf	3,5	;RP0=1, select bank1
   337  07DC  1105               	bcf	5,2	;volatile
   338  07DD  0008               	return
   339  07DE                     __end_of_pwm_start:	
   340                           
   341                           	psect	text3
   342  07C6                     __ptext3:	
   343 ;; *************** function _ini_set *****************
   344 ;; Defined at:
   345 ;;		line 28 in file "newmain.c"
   346 ;; Parameters:    Size  Location     Type
   347 ;;		None
   348 ;; Auto vars:     Size  Location     Type
   349 ;;		None
   350 ;; Return value:  Size  Location     Type
   351 ;;		None               void
   352 ;; Registers used:
   353 ;;		wreg
   354 ;; Tracked objects:
   355 ;;		On entry : 0/0
   356 ;;		On exit  : 0/0
   357 ;;		Unchanged: 0/0
   358 ;; Data sizes:     COMMON   BANK0   BANK1
   359 ;;      Params:         0       0       0
   360 ;;      Locals:         0       0       0
   361 ;;      Temps:          0       0       0
   362 ;;      Totals:         0       0       0
   363 ;;Total ram usage:        0 bytes
   364 ;; Hardware stack levels used:    1
   365 ;; This function calls:
   366 ;;		Nothing
   367 ;; This function is called by:
   368 ;;		_main
   369 ;; This function uses a non-reentrant model
   370 ;;
   371                           
   372                           
   373                           ;psect for function _ini_set
   374  07C6                     _ini_set:	
   375                           
   376                           ;newmain.c: 29: GIE = 1;
   377                           
   378                           ;incstack = 0
   379                           ; Regs used in _ini_set: [wreg]
   380  07C6  178B               	bsf	11,7	;volatile
   381                           
   382                           ;newmain.c: 30: PEIE = 1;
   383  07C7  170B               	bsf	11,6	;volatile
   384                           
   385                           ;newmain.c: 32: OSCCON = 0b01110000;
   386  07C8  3070               	movlw	112
   387  07C9  1683               	bsf	3,5	;RP0=1, select bank1
   388  07CA  008F               	movwf	15	;volatile
   389                           
   390                           ;newmain.c: 34: TRISIO = 0b00010101;
   391  07CB  3015               	movlw	21
   392  07CC  0085               	movwf	5	;volatile
   393  07CD  0008               	return
   394  07CE                     __end_of_ini_set:	
   395  007E                     btemp	set	126	;btemp
   396  007E                     wtemp	set	126
   397  007E                     wtemp0	set	126
   398  0080                     wtemp1	set	128
   399  0082                     wtemp2	set	130
   400  0084                     wtemp3	set	132
   401  0086                     wtemp4	set	134
   402  0088                     wtemp5	set	136
   403  007F                     wtemp6	set	127
   404  007E                     ttemp	set	126
   405  007E                     ttemp0	set	126
   406  0081                     ttemp1	set	129
   407  0084                     ttemp2	set	132
   408  0087                     ttemp3	set	135
   409  007F                     ttemp4	set	127
   410  007E                     ltemp	set	126
   411  007E                     ltemp0	set	126
   412  0082                     ltemp1	set	130
   413  0086                     ltemp2	set	134
   414  0080                     ltemp3	set	128


Data Sizes:
    Strings     0
    Constant    0
    Data        0
    BSS         0
    Persistent  0
    Stack       0

Auto Spaces:
    Space          Size  Autos    Used
    COMMON           14      7       7
    BANK0            80      0       0
    BANK1            32      0       0

Pointer List with Targets:

    None.

Critical Paths under _main in COMMON

    _main->_pwm_start

Critical Paths under _main in BANK0

    None.

Critical Paths under _main in BANK1

    None.

Call Graph Tables:

 ---------------------------------------------------------------------------------
 (Depth) Function   	        Calls       Base Space   Used Autos Params    Refs
 ---------------------------------------------------------------------------------
 (0) _main                                                 6     2      4       0
                                              1 COMMON     6     2      4
                            _ini_set
                          _pwm_start
                           _set_duty
 ---------------------------------------------------------------------------------
 (1) _set_duty                                             0     0      0       0
 ---------------------------------------------------------------------------------
 (1) _pwm_start                                            1     1      0       0
                                              0 COMMON     1     1      0
 ---------------------------------------------------------------------------------
 (1) _ini_set                                              0     0      0       0
 ---------------------------------------------------------------------------------
 Estimated maximum stack depth 1
 ---------------------------------------------------------------------------------

 Call Graph Graphs:

 _main (ROOT)
   _ini_set
   _pwm_start
   _set_duty

 Address spaces:
Name               Size   Autos  Total    Cost      Usage
BITCOMMON            E      0       0       0        0.0%
EEDATA             100      0       0       0        0.0%
NULL                 0      0       0       0        0.0%
CODE                 0      0       0       0        0.0%
COMMON               E      7       7       1       50.0%
BITSFR0              0      0       0       1        0.0%
SFR0                 0      0       0       1        0.0%
BITSFR1              0      0       0       2        0.0%
SFR1                 0      0       0       2        0.0%
STACK                0      0       0       2        0.0%
BITBANK0            50      0       0       3        0.0%
BANK0               50      0       0       4        0.0%
BANK1               20      0       0       5        0.0%
ABS                  0      0       0       6        0.0%
BITBANK1            20      0       0       7        0.0%
DATA                 0      0       0       8        0.0%


Microchip Technology PIC Macro Assembler V1.33 build 59893 
Symbol Table                                                                                   Thu Mar 19 17:31:53 2015

            __CFG_CP$OFF 0000                       l33 07D9                       u27 07EB  
                     u37 07F8                      l515 07E3                      _GP2 002A  
                    _GIE 005F                      _PR2 0092             __CFG_CPD$OFF 0000  
           __CFG_IESO$ON 0000             __CFG_WDTE$ON 0000                     _PEIE 005E  
          __CFG_FCMEN$ON 0000                     _main 07DE                     btemp 007E  
          __CFG_BOREN$ON 0000                     ltemp 007E                     start 0000  
                   ttemp 007E                     wtemp 007E            __CFG_MCLRE$ON 0000  
                  ?_main 0071                    _T2CON 0012          __end_of_ini_set 07CE  
                  ltemp0 007E                    ltemp1 0082                    ltemp2 0086  
                  ltemp3 0080                    ttemp0 007E                    ttemp1 0081  
                  ttemp2 0084                    ttemp3 0087                    ttemp4 007F  
                  status 0003                    wtemp0 007E                    wtemp1 0080  
                  wtemp2 0082                    wtemp3 0084                    wtemp4 0086  
                  wtemp5 0088                    wtemp6 007F          __initialization 07FE  
           __end_of_main 07FE                   ??_main 0075                   _CCPR1L 0013  
                 _OSCCON 008F                   _TMR2IF 0061                   _TRISIO 0085  
         __CFG_PWRTE$OFF 0000                ??_ini_set 0070         __end_of_set_duty 07C6  
__end_of__initialization 07FE           __pcstackCOMMON 0070               __pmaintext 07DE  
                _CCP1CON 0015                  _TRISIO2 042A       __size_of_pwm_start 0010  
              ?_set_duty 0070                  __ptext0 0000                  __ptext1 07C1  
                __ptext2 07CE                  __ptext3 07C6                  _ini_set 07C6  
   end_of_initialization 07FE               ??_set_duty 0070        __end_of_pwm_start 07DE  
    start_initialization 07FE                ___latbits 0000        __size_of_set_duty 0005  
               ?_ini_set 0070                _pwm_start 07CE               ?_pwm_start 0070  
       __size_of_ini_set 0008            __size_of_main 0020                 _set_duty 07C1  
               main@argc 0071                 main@argv 0073              ??_pwm_start 0070  
    __CFG_FOSC$INTOSCCLK 0000  
